20:48:05.517 [Thread-1] INFO  ListenerSensores - Altitude: 960
20:48:05.524 [Thread-1] INFO  ListenerSensores - Estabilizado.
20:48:05.626 [Thread-1] INFO  ListenerSensores - Altitude: 960
20:48:05.626 [Thread-1] INFO  ListenerSensores - Estabilizado.
20:48:05.735 [Thread-1] INFO  ListenerSensores - Altitude: 960
20:48:05.735 [Thread-1] INFO  ListenerSensores - Estabilizado.
20:48:05.845 [Thread-1] INFO  ListenerSensores - Altitude: 960
20:48:05.845 [Thread-1] INFO  ListenerSensores - Estabilizado.
20:48:05.954 [Thread-1] INFO  ListenerSensores - Altitude: 960
20:48:05.954 [Thread-1] INFO  ListenerSensores - Estabilizado.
20:48:06.063 [Thread-1] INFO  ListenerSensores - Altitude: 960
20:48:06.063 [Thread-1] INFO  ListenerSensores - Estabilizado.
20:48:06.173 [Thread-1] INFO  ListenerSensores - Altitude: 960
20:48:06.173 [Thread-1] INFO  ListenerSensores - Estabilizado.
20:48:06.282 [Thread-1] INFO  ListenerSensores - Altitude: 960
20:48:06.282 [Thread-1] INFO  ListenerSensores - Estabilizado.
20:48:06.392 [Thread-1] INFO  ListenerSensores - Altitude: 960
20:48:06.392 [Thread-1] INFO  ListenerSensores - Estabilizado.
20:48:06.501 [Thread-1] INFO  ListenerSensores - Altitude: 960
20:48:06.501 [Thread-1] INFO  ListenerSensores - Estabilizado.
20:48:06.610 [Thread-1] INFO  ListenerSensores - Altitude: 960
20:48:06.612 [Thread-1] INFO  ListenerSensores - Estabilizado.
20:48:06.720 [Thread-1] INFO  ListenerSensores - Altitude: 961
20:48:06.720 [Thread-1] INFO  ListenerSensores - Estabilizado.
20:48:06.830 [Thread-1] INFO  ListenerSensores - Altitude: 961
20:48:06.830 [Thread-1] INFO  ListenerSensores - Estabilizado.
20:48:06.939 [Thread-1] INFO  ListenerSensores - Altitude: 959
20:48:06.939 [Thread-1] INFO  ListenerSensores - Estabilizado.
20:48:07.048 [Thread-1] INFO  ListenerSensores - Altitude: 961
20:48:07.048 [Thread-1] INFO  ListenerSensores - Estabilizado.
20:48:07.158 [Thread-1] INFO  ListenerSensores - Altitude: 960
20:48:07.158 [Thread-1] INFO  ListenerSensores - Estabilizado.
20:48:07.267 [Thread-1] INFO  ListenerSensores - Altitude: 960
20:48:07.267 [Thread-1] INFO  ListenerSensores - Estabilizado.
20:48:07.376 [Thread-1] INFO  ListenerSensores - Altitude: 960
20:48:07.376 [Thread-1] INFO  ListenerSensores - Estabilizado.
20:48:07.486 [Thread-1] INFO  ListenerSensores - Altitude: 961
20:48:07.486 [Thread-1] INFO  ListenerSensores - Estabilizado.
20:48:07.595 [Thread-1] INFO  ListenerSensores - Altitude: 960
20:48:07.595 [Thread-1] INFO  ListenerSensores - Estabilizado.
20:48:07.705 [Thread-1] INFO  ListenerSensores - Altitude: 960
20:48:07.705 [Thread-1] INFO  ListenerSensores - Estabilizado.
20:48:07.816 [Thread-1] INFO  ListenerSensores - Altitude: 960
20:48:07.816 [Thread-1] INFO  ListenerSensores - Estabilizado.
20:48:07.925 [Thread-1] INFO  ListenerSensores - Altitude: 960
20:48:07.925 [Thread-1] INFO  ListenerSensores - Estabilizado.
20:48:08.035 [Thread-1] INFO  ListenerSensores - Altitude: 960
20:48:08.035 [Thread-1] INFO  ListenerSensores - Estabilizado.
20:48:08.144 [Thread-1] INFO  ListenerSensores - Altitude: 960
20:48:08.144 [Thread-1] INFO  ListenerSensores - Estabilizado.
20:48:08.253 [Thread-1] INFO  ListenerSensores - Altitude: 960
20:48:08.253 [Thread-1] INFO  ListenerSensores - Estabilizado.
20:48:08.363 [Thread-1] INFO  ListenerSensores - Altitude: 960
20:48:08.363 [Thread-1] INFO  ListenerSensores - Estabilizado.
20:48:08.468 [Thread-1] INFO  ListenerSensores - Altitude: 960
20:48:08.468 [Thread-1] INFO  ListenerSensores - Estabilizado.
20:48:08.578 [Thread-1] INFO  ListenerSensores - Altitude: 960
20:48:08.578 [Thread-1] INFO  ListenerSensores - Estabilizado.
20:48:08.687 [Thread-1] INFO  ListenerSensores - Altitude: 960
20:48:08.687 [Thread-1] INFO  ListenerSensores - Estabilizado.
20:48:08.796 [Thread-1] INFO  ListenerSensores - Altitude: 960
20:48:08.797 [Thread-1] INFO  ListenerSensores - Estabilizado.
20:48:08.909 [Thread-1] INFO  ListenerSensores - Altitude: 960
20:48:08.909 [Thread-1] INFO  ListenerSensores - Estabilizado.
20:48:09.018 [Thread-1] INFO  ListenerSensores - Altitude: 961
20:48:09.018 [Thread-1] INFO  ListenerSensores - Estabilizado.
20:48:09.128 [Thread-1] INFO  ListenerSensores - Altitude: 960
20:48:09.128 [Thread-1] INFO  ListenerSensores - Estabilizado.
20:48:09.237 [Thread-1] INFO  ListenerSensores - Altitude: 960
20:48:09.237 [Thread-1] INFO  ListenerSensores - Estabilizado.
20:48:09.346 [Thread-1] INFO  ListenerSensores - Altitude: 960
20:48:09.346 [Thread-1] INFO  ListenerSensores - Estabilizado.
20:48:09.456 [Thread-1] INFO  ListenerSensores - Altitude: 960
20:48:09.456 [Thread-1] INFO  ListenerSensores - Estabilizado.
20:48:09.565 [Thread-1] INFO  ListenerSensores - Altitude: 960
20:48:09.565 [Thread-1] INFO  ListenerSensores - Estabilizado.
20:48:09.666 [Thread-1] INFO  ListenerSensores - Altitude: 960
20:48:09.666 [Thread-1] INFO  ListenerSensores - Estabilizado.
20:48:09.775 [Thread-1] INFO  ListenerSensores - Altitude: 960
20:48:09.775 [Thread-1] INFO  ListenerSensores - Estabilizado.
20:48:09.884 [Thread-1] INFO  ListenerSensores - Altitude: 960
20:48:09.885 [Thread-1] INFO  ListenerSensores - Estabilizado.
20:48:09.996 [Thread-1] INFO  ListenerSensores - Altitude: 960
20:48:09.996 [Thread-1] INFO  ListenerSensores - Estabilizado.
20:48:10.106 [Thread-1] INFO  ListenerSensores - Altitude: 961
20:48:10.106 [Thread-1] INFO  ListenerSensores - Estabilizado.
20:48:10.215 [Thread-1] INFO  ListenerSensores - Altitude: 960
20:48:10.215 [Thread-1] INFO  ListenerSensores - Estabilizado.
20:48:10.325 [Thread-1] INFO  ListenerSensores - Altitude: 960
20:48:10.325 [Thread-1] INFO  ListenerSensores - Estabilizado.
20:48:10.434 [Thread-1] INFO  ListenerSensores - Altitude: 960
20:48:10.434 [Thread-1] INFO  ListenerSensores - Estabilizado.
20:48:10.543 [Thread-1] INFO  ListenerSensores - Altitude: 960
20:48:10.543 [Thread-1] INFO  ListenerSensores - Estabilizado.
20:48:10.653 [Thread-1] INFO  ListenerSensores - Altitude: 960
20:48:10.653 [Thread-1] INFO  ListenerSensores - Estabilizado.
20:48:10.762 [Thread-1] INFO  ListenerSensores - Altitude: 961
20:48:10.762 [Thread-1] INFO  ListenerSensores - Estabilizado.
20:48:10.871 [Thread-1] INFO  ListenerSensores - Altitude: 960
20:48:10.871 [Thread-1] INFO  ListenerSensores - Estabilizado.
20:48:10.981 [Thread-1] INFO  ListenerSensores - Altitude: 961
20:48:10.982 [Thread-1] INFO  ListenerSensores - Estabilizado.
20:48:11.092 [Thread-1] INFO  ListenerSensores - Altitude: 960
20:48:11.092 [Thread-1] INFO  ListenerSensores - Estabilizado.
20:48:11.201 [Thread-1] INFO  ListenerSensores - Altitude: 961
20:48:11.201 [Thread-1] INFO  ListenerSensores - Estabilizado.
20:48:11.311 [Thread-1] INFO  ListenerSensores - Altitude: 961
20:48:11.311 [Thread-1] INFO  ListenerSensores - Estabilizado.
20:48:11.420 [Thread-1] INFO  ListenerSensores - Altitude: 960
20:48:11.420 [Thread-1] INFO  ListenerSensores - Estabilizado.
20:48:11.529 [Thread-1] INFO  ListenerSensores - Altitude: 960
20:48:11.529 [Thread-1] INFO  ListenerSensores - Estabilizado.
20:48:11.639 [Thread-1] INFO  ListenerSensores - Altitude: 960
20:48:11.639 [Thread-1] WARN  ListenerSensores - Caindo!
20:48:11.748 [Thread-1] INFO  ListenerSensores - Altitude: 960
20:48:11.748 [Thread-1] WARN  ListenerSensores - Caindo!
20:48:11.858 [Thread-1] INFO  ListenerSensores - Altitude: 959
20:48:11.858 [Thread-1] INFO  ListenerSensores - Estabilizado.
20:48:11.858 [Thread-1] INFO  ListenerSensores - QUEDA DETECTADA. ALTITUDE INICIAL: 960. ALTITUDE FINAL: 960.
20:48:11.967 [Thread-1] INFO  ListenerSensores - Altitude: 960
20:48:11.967 [Thread-1] INFO  ListenerSensores - Estabilizado.
20:48:12.076 [Thread-1] INFO  ListenerSensores - Altitude: 960
20:48:12.077 [Thread-1] INFO  ListenerSensores - Estabilizado.
20:48:12.188 [Thread-1] INFO  ListenerSensores - Altitude: 960
20:48:12.188 [Thread-1] INFO  ListenerSensores - Estabilizado.
20:48:12.297 [Thread-1] INFO  ListenerSensores - Altitude: 960
20:48:12.297 [Thread-1] INFO  ListenerSensores - Estabilizado.
20:48:12.407 [Thread-1] INFO  ListenerSensores - Altitude: 960
20:48:12.407 [Thread-1] INFO  ListenerSensores - Estabilizado.
20:48:12.516 [Thread-1] INFO  ListenerSensores - Altitude: 959
20:48:12.516 [Thread-1] INFO  ListenerSensores - Estabilizado.
20:48:12.625 [Thread-1] INFO  ListenerSensores - Altitude: 959
20:48:12.625 [Thread-1] INFO  ListenerSensores - Estabilizado.
20:48:12.735 [Thread-1] INFO  ListenerSensores - Altitude: 959
20:48:12.735 [Thread-1] INFO  ListenerSensores - Estabilizado.
20:48:12.844 [Thread-1] INFO  ListenerSensores - Altitude: 960
20:48:12.844 [Thread-1] INFO  ListenerSensores - Estabilizado.
20:48:12.953 [Thread-1] INFO  ListenerSensores - Altitude: 960
20:48:12.953 [Thread-1] INFO  ListenerSensores - Estabilizado.
20:48:13.063 [Thread-1] INFO  ListenerSensores - Altitude: 960
20:48:13.063 [Thread-1] INFO  ListenerSensores - Estabilizado.
20:48:13.172 [Thread-1] INFO  ListenerSensores - Altitude: 959
20:48:13.173 [Thread-1] INFO  ListenerSensores - Estabilizado.
20:48:13.285 [Thread-1] INFO  ListenerSensores - Altitude: 959
20:48:13.285 [Thread-1] INFO  ListenerSensores - Estabilizado.
20:48:13.394 [Thread-1] INFO  ListenerSensores - Altitude: 959
20:48:13.394 [Thread-1] INFO  ListenerSensores - Estabilizado.
20:48:13.496 [Thread-1] INFO  ListenerSensores - Altitude: 960
20:48:13.496 [Thread-1] WARN  ListenerSensores - Caindo!
20:48:13.605 [Thread-1] INFO  ListenerSensores - Altitude: 959
20:48:13.605 [Thread-1] WARN  ListenerSensores - Caindo!
20:48:13.706 [Thread-1] INFO  ListenerSensores - Altitude: 960
20:48:13.706 [Thread-1] INFO  ListenerSensores - Estabilizado.
20:48:13.706 [Thread-1] INFO  ListenerSensores - QUEDA DETECTADA. ALTITUDE INICIAL: 959. ALTITUDE FINAL: 959.
20:48:13.809 [Thread-1] INFO  ListenerSensores - Altitude: 960
20:48:13.809 [Thread-1] INFO  ListenerSensores - Estabilizado.
20:48:13.918 [Thread-1] INFO  ListenerSensores - Altitude: 960
20:48:13.918 [Thread-1] INFO  ListenerSensores - Estabilizado.
20:48:14.028 [Thread-1] INFO  ListenerSensores - Altitude: 959
20:48:14.028 [Thread-1] INFO  ListenerSensores - Estabilizado.
20:48:14.137 [Thread-1] INFO  ListenerSensores - Altitude: 960
20:48:14.137 [Thread-1] INFO  ListenerSensores - Estabilizado.
20:49:23.327 [Thread-1] INFO  ListenerSensores - Altitude: 100
20:49:23.341 [Thread-1] INFO  ListenerSensores - Estabilizado.
20:49:23.451 [Thread-1] INFO  ListenerSensores - Altitude: 99
20:49:23.451 [Thread-1] INFO  ListenerSensores - Estabilizado.
20:49:23.567 [Thread-1] INFO  ListenerSensores - Altitude: 98
20:49:23.567 [Thread-1] INFO  ListenerSensores - Estabilizado.
20:49:23.676 [Thread-1] INFO  ListenerSensores - Altitude: 97
20:49:23.676 [Thread-1] INFO  ListenerSensores - Estabilizado.
20:49:23.785 [Thread-1] INFO  ListenerSensores - Altitude: 96
20:49:23.785 [Thread-1] INFO  ListenerSensores - Estabilizado.
20:49:23.895 [Thread-1] INFO  ListenerSensores - Altitude: 95
20:49:23.895 [Thread-1] INFO  ListenerSensores - Estabilizado.
20:49:24.004 [Thread-1] INFO  ListenerSensores - Altitude: 94
20:49:24.004 [Thread-1] INFO  ListenerSensores - Estabilizado.
20:49:24.113 [Thread-1] INFO  ListenerSensores - Altitude: 93
20:49:24.113 [Thread-1] INFO  ListenerSensores - Estabilizado.
20:49:24.223 [Thread-1] INFO  ListenerSensores - Altitude: 92
20:49:24.223 [Thread-1] INFO  ListenerSensores - Estabilizado.
20:49:24.332 [Thread-1] INFO  ListenerSensores - Altitude: 91
20:49:24.335 [Thread-1] INFO  ListenerSensores - Estabilizado.
20:49:24.447 [Thread-1] INFO  ListenerSensores - Altitude: 90
20:49:24.447 [Thread-1] INFO  ListenerSensores - Estabilizado.
20:49:24.556 [Thread-1] INFO  ListenerSensores - Altitude: 89
20:49:24.556 [Thread-1] WARN  ListenerSensores - Caindo!
20:49:24.666 [Thread-1] INFO  ListenerSensores - Altitude: 88
20:49:24.666 [Thread-1] WARN  ListenerSensores - Caindo!
20:49:24.775 [Thread-1] INFO  ListenerSensores - Altitude: 87
20:49:24.775 [Thread-1] WARN  ListenerSensores - Caindo!
20:49:24.884 [Thread-1] INFO  ListenerSensores - Altitude: 86
20:49:24.884 [Thread-1] WARN  ListenerSensores - Caindo!
20:49:24.994 [Thread-1] INFO  ListenerSensores - Altitude: 85
20:49:24.994 [Thread-1] WARN  ListenerSensores - Caindo!
20:49:25.103 [Thread-1] INFO  ListenerSensores - Altitude: 84
20:49:25.103 [Thread-1] WARN  ListenerSensores - Caindo!
20:49:25.212 [Thread-1] INFO  ListenerSensores - Altitude: 83
20:49:25.212 [Thread-1] WARN  ListenerSensores - Caindo!
20:49:25.322 [Thread-1] INFO  ListenerSensores - Altitude: 82
20:49:25.322 [Thread-1] WARN  ListenerSensores - Caindo!
20:49:25.431 [Thread-1] INFO  ListenerSensores - Altitude: 81
20:49:25.433 [Thread-1] WARN  ListenerSensores - Caindo!
20:49:25.544 [Thread-1] INFO  ListenerSensores - Altitude: 80
20:49:25.544 [Thread-1] WARN  ListenerSensores - Caindo!
20:49:25.654 [Thread-1] INFO  ListenerSensores - Altitude: 79
20:49:25.654 [Thread-1] WARN  ListenerSensores - Caindo!
20:49:25.763 [Thread-1] INFO  ListenerSensores - Altitude: 78
20:49:25.763 [Thread-1] WARN  ListenerSensores - Caindo!
20:49:25.879 [Thread-1] INFO  ListenerSensores - Altitude: 77
20:49:25.879 [Thread-1] WARN  ListenerSensores - Caindo!
20:49:25.988 [Thread-1] INFO  ListenerSensores - Altitude: 76
20:49:25.988 [Thread-1] WARN  ListenerSensores - Caindo!
20:49:26.098 [Thread-1] INFO  ListenerSensores - Altitude: 75
20:49:26.098 [Thread-1] WARN  ListenerSensores - Caindo!
20:49:26.206 [Thread-1] INFO  ListenerSensores - Altitude: 74
20:49:26.206 [Thread-1] WARN  ListenerSensores - Caindo!
20:49:26.316 [Thread-1] INFO  ListenerSensores - Altitude: 73
20:49:26.316 [Thread-1] WARN  ListenerSensores - Caindo!
20:49:26.425 [Thread-1] INFO  ListenerSensores - Altitude: 72
20:49:26.425 [Thread-1] WARN  ListenerSensores - Caindo!
20:49:26.534 [Thread-1] INFO  ListenerSensores - Altitude: 71
20:49:26.541 [Thread-1] WARN  ListenerSensores - Caindo!
20:49:26.651 [Thread-1] INFO  ListenerSensores - Altitude: 70
20:49:26.651 [Thread-1] INFO  ListenerSensores - Estabilizado.
20:49:26.651 [Thread-1] INFO  ListenerSensores - QUEDA DETECTADA. ALTITUDE INICIAL: 90. ALTITUDE FINAL: 71.
20:49:26.761 [Thread-1] INFO  ListenerSensores - Altitude: 69
20:49:26.761 [Thread-1] INFO  ListenerSensores - Estabilizado.
20:49:26.870 [Thread-1] INFO  ListenerSensores - Altitude: 68
20:49:26.870 [Thread-1] INFO  ListenerSensores - Estabilizado.
20:49:26.979 [Thread-1] INFO  ListenerSensores - Altitude: 67
20:49:26.979 [Thread-1] INFO  ListenerSensores - Estabilizado.
20:49:27.089 [Thread-1] INFO  ListenerSensores - Altitude: 66
20:49:27.089 [Thread-1] INFO  ListenerSensores - Estabilizado.
20:49:27.198 [Thread-1] INFO  ListenerSensores - Altitude: 65
20:49:27.198 [Thread-1] INFO  ListenerSensores - Estabilizado.
20:49:27.308 [Thread-1] INFO  ListenerSensores - Altitude: 64
20:49:27.308 [Thread-1] INFO  ListenerSensores - Estabilizado.
20:49:27.417 [Thread-1] INFO  ListenerSensores - Altitude: 63
20:49:27.417 [Thread-1] INFO  ListenerSensores - Estabilizado.
20:49:27.526 [Thread-1] INFO  ListenerSensores - Altitude: 62
20:49:27.526 [Thread-1] INFO  ListenerSensores - Estabilizado.
20:49:27.636 [Thread-1] INFO  ListenerSensores - Altitude: 61
20:49:27.637 [Thread-1] INFO  ListenerSensores - Estabilizado.
20:49:27.747 [Thread-1] INFO  ListenerSensores - Altitude: 60
20:49:27.747 [Thread-1] INFO  ListenerSensores - Estabilizado.
20:49:27.856 [Thread-1] INFO  ListenerSensores - Altitude: 59
20:49:27.856 [Thread-1] INFO  ListenerSensores - Estabilizado.
20:49:27.966 [Thread-1] INFO  ListenerSensores - Altitude: 58
20:49:27.966 [Thread-1] INFO  ListenerSensores - Estabilizado.
20:49:28.075 [Thread-1] INFO  ListenerSensores - Altitude: 57
20:49:28.075 [Thread-1] INFO  ListenerSensores - Estabilizado.
20:49:28.185 [Thread-1] INFO  ListenerSensores - Altitude: 56
20:49:28.185 [Thread-1] INFO  ListenerSensores - Estabilizado.
20:49:28.294 [Thread-1] INFO  ListenerSensores - Altitude: 55
20:49:28.294 [Thread-1] INFO  ListenerSensores - Estabilizado.
20:49:28.403 [Thread-1] INFO  ListenerSensores - Altitude: 54
20:49:28.403 [Thread-1] INFO  ListenerSensores - Estabilizado.
20:49:28.513 [Thread-1] INFO  ListenerSensores - Altitude: 53
20:49:28.513 [Thread-1] INFO  ListenerSensores - Estabilizado.
20:49:28.615 [Thread-1] INFO  ListenerSensores - Altitude: 52
20:49:28.615 [Thread-1] INFO  ListenerSensores - Estabilizado.
20:49:28.725 [Thread-1] INFO  ListenerSensores - Altitude: 51
20:49:28.726 [Thread-1] INFO  ListenerSensores - Estabilizado.
20:49:28.836 [Thread-1] INFO  ListenerSensores - Altitude: 50
20:49:28.836 [Thread-1] INFO  ListenerSensores - Estabilizado.
20:49:28.945 [Thread-1] INFO  ListenerSensores - Altitude: 49
20:49:28.945 [Thread-1] INFO  ListenerSensores - Estabilizado.
20:49:29.055 [Thread-1] INFO  ListenerSensores - Altitude: 48
20:49:29.055 [Thread-1] INFO  ListenerSensores - Estabilizado.
20:49:29.164 [Thread-1] INFO  ListenerSensores - Altitude: 47
20:49:29.164 [Thread-1] INFO  ListenerSensores - Estabilizado.
20:49:29.273 [Thread-1] INFO  ListenerSensores - Altitude: 46
20:49:29.273 [Thread-1] INFO  ListenerSensores - Estabilizado.
20:49:29.383 [Thread-1] INFO  ListenerSensores - Altitude: 45
20:49:29.383 [Thread-1] INFO  ListenerSensores - Estabilizado.
20:49:29.492 [Thread-1] INFO  ListenerSensores - Altitude: 44
20:49:29.492 [Thread-1] INFO  ListenerSensores - Estabilizado.
20:49:29.602 [Thread-1] INFO  ListenerSensores - Altitude: 43
20:49:29.602 [Thread-1] INFO  ListenerSensores - Estabilizado.
20:49:29.711 [Thread-1] INFO  ListenerSensores - Altitude: 42
20:49:29.711 [Thread-1] INFO  ListenerSensores - Estabilizado.
20:49:29.812 [Thread-1] INFO  ListenerSensores - Altitude: 41
20:49:29.813 [Thread-1] INFO  ListenerSensores - Estabilizado.
20:49:29.925 [Thread-1] INFO  ListenerSensores - Altitude: 40
20:49:29.925 [Thread-1] INFO  ListenerSensores - Estabilizado.
20:49:30.034 [Thread-1] INFO  ListenerSensores - Altitude: 39
20:49:30.034 [Thread-1] WARN  ListenerSensores - Caindo!
20:49:30.143 [Thread-1] INFO  ListenerSensores - Altitude: 38
20:49:30.143 [Thread-1] WARN  ListenerSensores - Caindo!
20:49:30.253 [Thread-1] INFO  ListenerSensores - Altitude: 37
20:49:30.253 [Thread-1] WARN  ListenerSensores - Caindo!
20:49:30.362 [Thread-1] INFO  ListenerSensores - Altitude: 36
20:49:30.362 [Thread-1] WARN  ListenerSensores - Caindo!
20:49:30.472 [Thread-1] INFO  ListenerSensores - Altitude: 35
20:49:30.472 [Thread-1] WARN  ListenerSensores - Caindo!
20:49:30.581 [Thread-1] INFO  ListenerSensores - Altitude: 34
20:49:30.581 [Thread-1] WARN  ListenerSensores - Caindo!
20:49:30.690 [Thread-1] INFO  ListenerSensores - Altitude: 33
20:49:30.690 [Thread-1] WARN  ListenerSensores - Caindo!
20:49:30.800 [Thread-1] INFO  ListenerSensores - Altitude: 32
20:49:30.800 [Thread-1] WARN  ListenerSensores - Caindo!
20:49:30.909 [Thread-1] INFO  ListenerSensores - Altitude: 31
20:49:30.910 [Thread-1] WARN  ListenerSensores - Caindo!
20:49:31.021 [Thread-1] INFO  ListenerSensores - Altitude: 30
20:49:31.021 [Thread-1] WARN  ListenerSensores - Caindo!
20:49:31.130 [Thread-1] INFO  ListenerSensores - Altitude: 29
20:49:31.130 [Thread-1] WARN  ListenerSensores - Caindo!
20:49:31.240 [Thread-1] INFO  ListenerSensores - Altitude: 28
20:49:31.240 [Thread-1] WARN  ListenerSensores - Caindo!
20:49:31.349 [Thread-1] INFO  ListenerSensores - Altitude: 27
20:49:31.349 [Thread-1] WARN  ListenerSensores - Caindo!
20:49:31.459 [Thread-1] INFO  ListenerSensores - Altitude: 26
20:49:31.459 [Thread-1] WARN  ListenerSensores - Caindo!
20:49:31.568 [Thread-1] INFO  ListenerSensores - Altitude: 25
20:49:31.568 [Thread-1] WARN  ListenerSensores - Caindo!
20:49:31.677 [Thread-1] INFO  ListenerSensores - Altitude: 24
20:49:31.677 [Thread-1] WARN  ListenerSensores - Caindo!
20:49:31.787 [Thread-1] INFO  ListenerSensores - Altitude: 23
20:49:31.787 [Thread-1] WARN  ListenerSensores - Caindo!
20:49:31.896 [Thread-1] INFO  ListenerSensores - Altitude: 22
20:49:31.896 [Thread-1] WARN  ListenerSensores - Caindo!
20:49:32.005 [Thread-1] INFO  ListenerSensores - Altitude: 21
20:49:32.006 [Thread-1] WARN  ListenerSensores - Caindo!
20:49:32.117 [Thread-1] INFO  ListenerSensores - Altitude: 20
20:49:32.117 [Thread-1] WARN  ListenerSensores - Caindo!
20:49:32.226 [Thread-1] INFO  ListenerSensores - Altitude: 19
20:49:32.226 [Thread-1] WARN  ListenerSensores - Caindo!
20:49:32.335 [Thread-1] INFO  ListenerSensores - Altitude: 18
20:49:32.335 [Thread-1] WARN  ListenerSensores - Caindo!
20:49:32.445 [Thread-1] INFO  ListenerSensores - Altitude: 17
20:49:32.445 [Thread-1] WARN  ListenerSensores - Caindo!
20:49:32.554 [Thread-1] INFO  ListenerSensores - Altitude: 16
20:49:32.554 [Thread-1] WARN  ListenerSensores - Caindo!
20:49:32.664 [Thread-1] INFO  ListenerSensores - Altitude: 15
20:49:32.664 [Thread-1] WARN  ListenerSensores - Caindo!
20:49:32.773 [Thread-1] INFO  ListenerSensores - Altitude: 14
20:49:32.773 [Thread-1] WARN  ListenerSensores - Caindo!
20:49:32.882 [Thread-1] INFO  ListenerSensores - Altitude: 13
20:49:32.882 [Thread-1] WARN  ListenerSensores - Caindo!
20:49:32.992 [Thread-1] INFO  ListenerSensores - Altitude: 12
20:49:32.992 [Thread-1] WARN  ListenerSensores - Caindo!
20:49:33.101 [Thread-1] INFO  ListenerSensores - Altitude: 11
20:49:33.102 [Thread-1] WARN  ListenerSensores - Caindo!
20:49:33.214 [Thread-1] INFO  ListenerSensores - Altitude: 10
20:49:33.214 [Thread-1] INFO  ListenerSensores - Estabilizado.
20:49:33.214 [Thread-1] INFO  ListenerSensores - QUEDA DETECTADA. ALTITUDE INICIAL: 40. ALTITUDE FINAL: 11.
20:49:33.323 [Thread-1] INFO  ListenerSensores - Altitude: 9
20:49:33.323 [Thread-1] INFO  ListenerSensores - Estabilizado.
20:49:33.432 [Thread-1] INFO  ListenerSensores - Altitude: 8
20:49:33.432 [Thread-1] INFO  ListenerSensores - Estabilizado.
20:49:33.542 [Thread-1] INFO  ListenerSensores - Altitude: 7
20:49:33.542 [Thread-1] INFO  ListenerSensores - Estabilizado.
20:49:33.657 [Thread-1] INFO  ListenerSensores - Altitude: 6
20:49:33.657 [Thread-1] INFO  ListenerSensores - Estabilizado.
20:49:33.767 [Thread-1] INFO  ListenerSensores - Altitude: 5
20:49:33.767 [Thread-1] INFO  ListenerSensores - Estabilizado.
20:49:33.872 [Thread-1] INFO  ListenerSensores - Altitude: 4
20:49:33.872 [Thread-1] INFO  ListenerSensores - Estabilizado.
20:49:33.986 [Thread-1] INFO  ListenerSensores - Altitude: 3
20:49:33.986 [Thread-1] INFO  ListenerSensores - Estabilizado.
20:49:34.096 [Thread-1] INFO  ListenerSensores - Altitude: 2
20:49:34.096 [Thread-1] INFO  ListenerSensores - Estabilizado.
20:49:34.205 [Thread-1] INFO  ListenerSensores - Altitude: 1
20:49:34.206 [Thread-1] INFO  ListenerSensores - Estabilizado.
20:49:34.316 [Thread-1] INFO  ListenerSensores - Altitude: 0
20:49:34.316 [Thread-1] INFO  ListenerSensores - Estabilizado.
20:49:34.426 [Thread-1] INFO  ListenerSensores - Altitude: 0
20:49:34.426 [Thread-1] INFO  ListenerSensores - Estabilizado.
20:49:34.535 [Thread-1] INFO  ListenerSensores - Altitude: 0
20:49:34.535 [Thread-1] INFO  ListenerSensores - Estabilizado.
20:49:34.644 [Thread-1] INFO  ListenerSensores - Altitude: 0
20:49:34.644 [Thread-1] INFO  ListenerSensores - Estabilizado.
20:49:34.754 [Thread-1] INFO  ListenerSensores - Altitude: 0
20:49:34.754 [Thread-1] INFO  ListenerSensores - Estabilizado.
21:20:19.299 [Thread-1] INFO  ListenerSensores - Altitude: -21843
21:20:19.359 [Thread-1] INFO  ListenerSensores - Estabilizado.
21:20:19.459 [Thread-1] INFO  ListenerSensores - Altitude: -21843
21:20:19.460 [Thread-1] INFO  ListenerSensores - Estabilizado.
21:20:19.575 [Thread-1] INFO  ListenerSensores - Altitude: 937
21:20:19.575 [Thread-1] INFO  ListenerSensores - Estabilizado.
21:20:19.680 [Thread-1] INFO  ListenerSensores - Altitude: 937
21:20:19.682 [Thread-1] INFO  ListenerSensores - Estabilizado.
21:20:19.786 [Thread-1] INFO  ListenerSensores - Altitude: 937
21:20:19.790 [Thread-1] INFO  ListenerSensores - Estabilizado.
21:20:19.891 [Thread-1] INFO  ListenerSensores - Altitude: 937
21:20:19.892 [Thread-1] INFO  ListenerSensores - Estabilizado.
21:20:20.000 [Thread-1] INFO  ListenerSensores - Altitude: 937
21:20:20.000 [Thread-1] INFO  ListenerSensores - Estabilizado.
21:20:20.100 [Thread-1] INFO  ListenerSensores - Altitude: 938
21:20:20.100 [Thread-1] INFO  ListenerSensores - Estabilizado.
21:20:20.200 [Thread-1] INFO  ListenerSensores - Altitude: 938
21:20:20.200 [Thread-1] INFO  ListenerSensores - Estabilizado.
21:20:20.300 [Thread-1] INFO  ListenerSensores - Altitude: 938
21:20:20.300 [Thread-1] INFO  ListenerSensores - Estabilizado.
21:20:20.400 [Thread-1] INFO  ListenerSensores - Altitude: 938
21:20:20.400 [Thread-1] INFO  ListenerSensores - Estabilizado.
21:20:20.507 [Thread-1] INFO  ListenerSensores - Altitude: 938
21:20:20.516 [Thread-1] INFO  ListenerSensores - Estabilizado.
21:20:20.624 [Thread-1] INFO  ListenerSensores - Altitude: 938
21:20:20.625 [Thread-1] INFO  ListenerSensores - Estabilizado.
21:20:20.726 [Thread-1] INFO  ListenerSensores - Altitude: 938
21:20:20.726 [Thread-1] INFO  ListenerSensores - Estabilizado.
21:20:20.841 [Thread-1] INFO  ListenerSensores - Altitude: 938
21:20:20.842 [Thread-1] INFO  ListenerSensores - Estabilizado.
21:20:20.943 [Thread-1] INFO  ListenerSensores - Altitude: 938
21:20:20.943 [Thread-1] INFO  ListenerSensores - Estabilizado.
21:20:21.043 [Thread-1] INFO  ListenerSensores - Altitude: 938
21:20:21.043 [Thread-1] INFO  ListenerSensores - Estabilizado.
21:20:21.151 [Thread-1] INFO  ListenerSensores - Altitude: 938
21:20:21.152 [Thread-1] INFO  ListenerSensores - Estabilizado.
21:20:21.255 [Thread-1] INFO  ListenerSensores - Altitude: 938
21:20:21.257 [Thread-1] INFO  ListenerSensores - Estabilizado.
21:20:21.357 [Thread-1] INFO  ListenerSensores - Altitude: 938
21:20:21.357 [Thread-1] INFO  ListenerSensores - Estabilizado.
21:20:21.457 [Thread-1] INFO  ListenerSensores - Altitude: 938
21:20:21.457 [Thread-1] INFO  ListenerSensores - Estabilizado.
21:20:21.557 [Thread-1] INFO  ListenerSensores - Altitude: 938
21:20:21.558 [Thread-1] INFO  ListenerSensores - Estabilizado.
21:20:21.658 [Thread-1] INFO  ListenerSensores - Altitude: 938
21:20:21.659 [Thread-1] INFO  ListenerSensores - Estabilizado.
21:20:21.760 [Thread-1] INFO  ListenerSensores - Altitude: 938
21:20:21.761 [Thread-1] INFO  ListenerSensores - Estabilizado.
21:20:21.861 [Thread-1] INFO  ListenerSensores - Altitude: 938
21:20:21.865 [Thread-1] INFO  ListenerSensores - Estabilizado.
21:20:21.967 [Thread-1] INFO  ListenerSensores - Altitude: 938
21:20:21.968 [Thread-1] INFO  ListenerSensores - Estabilizado.
21:20:22.069 [Thread-1] INFO  ListenerSensores - Altitude: 938
21:20:22.069 [Thread-1] INFO  ListenerSensores - Estabilizado.
21:20:22.170 [Thread-1] INFO  ListenerSensores - Altitude: 938
21:20:22.171 [Thread-1] INFO  ListenerSensores - Estabilizado.
21:20:22.271 [Thread-1] INFO  ListenerSensores - Altitude: 938
21:20:22.273 [Thread-1] INFO  ListenerSensores - Estabilizado.
21:20:22.373 [Thread-1] INFO  ListenerSensores - Altitude: 938
21:20:22.373 [Thread-1] INFO  ListenerSensores - Estabilizado.
21:20:22.475 [Thread-1] INFO  ListenerSensores - Altitude: 938
21:20:22.475 [Thread-1] INFO  ListenerSensores - Estabilizado.
21:20:22.576 [Thread-1] INFO  ListenerSensores - Altitude: 938
21:20:22.576 [Thread-1] INFO  ListenerSensores - Estabilizado.
21:20:22.676 [Thread-1] INFO  ListenerSensores - Altitude: 938
21:20:22.676 [Thread-1] INFO  ListenerSensores - Estabilizado.
21:20:22.776 [Thread-1] INFO  ListenerSensores - Altitude: 938
21:20:22.776 [Thread-1] INFO  ListenerSensores - Estabilizado.
21:20:22.876 [Thread-1] INFO  ListenerSensores - Altitude: 938
21:20:22.876 [Thread-1] INFO  ListenerSensores - Estabilizado.
21:20:22.976 [Thread-1] INFO  ListenerSensores - Altitude: 938
21:20:22.976 [Thread-1] INFO  ListenerSensores - Estabilizado.
21:20:23.076 [Thread-1] INFO  ListenerSensores - Altitude: 938
21:20:23.076 [Thread-1] INFO  ListenerSensores - Estabilizado.
21:20:23.176 [Thread-1] INFO  ListenerSensores - Altitude: 938
21:20:23.176 [Thread-1] INFO  ListenerSensores - Estabilizado.
21:20:23.276 [Thread-1] INFO  ListenerSensores - Altitude: 938
21:20:23.276 [Thread-1] INFO  ListenerSensores - Estabilizado.
21:20:23.376 [Thread-1] INFO  ListenerSensores - Altitude: 938
21:20:23.376 [Thread-1] INFO  ListenerSensores - Estabilizado.
21:20:23.476 [Thread-1] INFO  ListenerSensores - Altitude: 938
21:20:23.476 [Thread-1] INFO  ListenerSensores - Estabilizado.
21:20:23.577 [Thread-1] INFO  ListenerSensores - Altitude: 938
21:20:23.577 [Thread-1] INFO  ListenerSensores - Estabilizado.
21:20:23.677 [Thread-1] INFO  ListenerSensores - Altitude: 938
21:20:23.677 [Thread-1] INFO  ListenerSensores - Estabilizado.
21:20:23.777 [Thread-1] INFO  ListenerSensores - Altitude: 938
21:20:23.777 [Thread-1] INFO  ListenerSensores - Estabilizado.
21:20:23.877 [Thread-1] INFO  ListenerSensores - Altitude: 938
21:20:23.878 [Thread-1] INFO  ListenerSensores - Estabilizado.
21:20:23.982 [Thread-1] INFO  ListenerSensores - Altitude: 938
21:20:23.983 [Thread-1] INFO  ListenerSensores - Estabilizado.
21:20:24.083 [Thread-1] INFO  ListenerSensores - Altitude: 938
21:20:24.083 [Thread-1] INFO  ListenerSensores - Estabilizado.
21:20:24.183 [Thread-1] INFO  ListenerSensores - Altitude: 938
21:20:24.183 [Thread-1] INFO  ListenerSensores - Estabilizado.
21:20:24.283 [Thread-1] INFO  ListenerSensores - Altitude: 938
21:20:24.283 [Thread-1] INFO  ListenerSensores - Estabilizado.
21:20:24.383 [Thread-1] INFO  ListenerSensores - Altitude: 938
21:20:24.383 [Thread-1] INFO  ListenerSensores - Estabilizado.
21:20:24.484 [Thread-1] INFO  ListenerSensores - Altitude: 938
21:20:24.484 [Thread-1] INFO  ListenerSensores - Estabilizado.
21:20:24.584 [Thread-1] INFO  ListenerSensores - Altitude: 938
21:20:24.584 [Thread-1] INFO  ListenerSensores - Estabilizado.
21:20:24.684 [Thread-1] INFO  ListenerSensores - Altitude: 938
21:20:24.684 [Thread-1] INFO  ListenerSensores - Estabilizado.
21:20:24.784 [Thread-1] INFO  ListenerSensores - Altitude: 938
21:20:24.784 [Thread-1] INFO  ListenerSensores - Estabilizado.
21:20:24.885 [Thread-1] INFO  ListenerSensores - Altitude: 938
21:20:24.885 [Thread-1] INFO  ListenerSensores - Estabilizado.
21:20:24.985 [Thread-1] INFO  ListenerSensores - Altitude: 938
21:20:24.985 [Thread-1] INFO  ListenerSensores - Estabilizado.
21:20:25.088 [Thread-1] INFO  ListenerSensores - Altitude: 937
21:20:25.088 [Thread-1] INFO  ListenerSensores - Estabilizado.
21:20:25.188 [Thread-1] INFO  ListenerSensores - Altitude: 938
21:20:25.188 [Thread-1] INFO  ListenerSensores - Estabilizado.
21:20:25.288 [Thread-1] INFO  ListenerSensores - Altitude: 938
21:20:25.288 [Thread-1] INFO  ListenerSensores - Estabilizado.
21:20:25.388 [Thread-1] INFO  ListenerSensores - Altitude: 938
21:20:25.388 [Thread-1] INFO  ListenerSensores - Estabilizado.
21:20:25.494 [Thread-1] INFO  ListenerSensores - Altitude: 938
21:20:25.494 [Thread-1] INFO  ListenerSensores - Estabilizado.
21:20:25.594 [Thread-1] INFO  ListenerSensores - Altitude: 938
21:20:25.594 [Thread-1] INFO  ListenerSensores - Estabilizado.
21:20:25.694 [Thread-1] INFO  ListenerSensores - Altitude: 938
21:20:25.694 [Thread-1] INFO  ListenerSensores - Estabilizado.
21:20:25.794 [Thread-1] INFO  ListenerSensores - Altitude: 938
21:20:25.795 [Thread-1] INFO  ListenerSensores - Estabilizado.
21:20:25.895 [Thread-1] INFO  ListenerSensores - Altitude: 939
21:20:25.895 [Thread-1] INFO  ListenerSensores - Estabilizado.
21:20:25.995 [Thread-1] INFO  ListenerSensores - Altitude: 939
21:20:25.995 [Thread-1] INFO  ListenerSensores - Estabilizado.
21:20:26.095 [Thread-1] INFO  ListenerSensores - Altitude: 938
21:20:26.096 [Thread-1] INFO  ListenerSensores - Estabilizado.
21:20:26.196 [Thread-1] INFO  ListenerSensores - Altitude: 939
21:20:26.196 [Thread-1] INFO  ListenerSensores - Estabilizado.
21:20:26.296 [Thread-1] INFO  ListenerSensores - Altitude: 938
21:20:26.296 [Thread-1] INFO  ListenerSensores - Estabilizado.
21:20:26.396 [Thread-1] INFO  ListenerSensores - Altitude: 938
21:20:26.396 [Thread-1] INFO  ListenerSensores - Estabilizado.
21:20:26.496 [Thread-1] INFO  ListenerSensores - Altitude: 939
21:20:26.496 [Thread-1] INFO  ListenerSensores - Estabilizado.
21:20:26.597 [Thread-1] INFO  ListenerSensores - Altitude: 938
21:20:26.597 [Thread-1] INFO  ListenerSensores - Estabilizado.
21:20:26.697 [Thread-1] INFO  ListenerSensores - Altitude: 938
21:20:26.697 [Thread-1] INFO  ListenerSensores - Estabilizado.
21:20:26.797 [Thread-1] INFO  ListenerSensores - Altitude: 938
21:20:26.798 [Thread-1] INFO  ListenerSensores - Estabilizado.
21:20:26.898 [Thread-1] INFO  ListenerSensores - Altitude: 938
21:20:26.898 [Thread-1] INFO  ListenerSensores - Estabilizado.
21:20:26.998 [Thread-1] INFO  ListenerSensores - Altitude: 938
21:20:26.998 [Thread-1] INFO  ListenerSensores - Estabilizado.
21:20:27.098 [Thread-1] INFO  ListenerSensores - Altitude: 938
21:20:27.098 [Thread-1] INFO  ListenerSensores - Estabilizado.
21:20:27.198 [Thread-1] INFO  ListenerSensores - Altitude: 938
21:20:27.198 [Thread-1] INFO  ListenerSensores - Estabilizado.
21:20:27.298 [Thread-1] INFO  ListenerSensores - Altitude: 938
21:20:27.298 [Thread-1] INFO  ListenerSensores - Estabilizado.
21:20:27.398 [Thread-1] INFO  ListenerSensores - Altitude: 938
21:20:27.399 [Thread-1] INFO  ListenerSensores - Estabilizado.
21:20:27.499 [Thread-1] INFO  ListenerSensores - Altitude: 938
21:20:27.500 [Thread-1] INFO  ListenerSensores - Estabilizado.
21:20:27.600 [Thread-1] INFO  ListenerSensores - Altitude: 938
21:20:27.601 [Thread-1] INFO  ListenerSensores - Estabilizado.
21:20:27.701 [Thread-1] INFO  ListenerSensores - Altitude: 937
21:20:27.701 [Thread-1] INFO  ListenerSensores - Estabilizado.
21:20:27.802 [Thread-1] INFO  ListenerSensores - Altitude: 938
21:20:27.802 [Thread-1] INFO  ListenerSensores - Estabilizado.
21:20:27.902 [Thread-1] INFO  ListenerSensores - Altitude: 938
21:20:27.902 [Thread-1] INFO  ListenerSensores - Estabilizado.
21:20:28.002 [Thread-1] INFO  ListenerSensores - Altitude: 938
21:20:28.002 [Thread-1] INFO  ListenerSensores - Estabilizado.
21:20:28.103 [Thread-1] INFO  ListenerSensores - Altitude: 939
21:20:28.103 [Thread-1] INFO  ListenerSensores - Estabilizado.
21:20:28.203 [Thread-1] INFO  ListenerSensores - Altitude: 938
21:20:28.203 [Thread-1] INFO  ListenerSensores - Estabilizado.
21:20:28.303 [Thread-1] INFO  ListenerSensores - Altitude: 937
21:20:28.304 [Thread-1] INFO  ListenerSensores - Estabilizado.
21:20:28.404 [Thread-1] INFO  ListenerSensores - Altitude: 938
21:20:28.404 [Thread-1] INFO  ListenerSensores - Estabilizado.
21:20:28.504 [Thread-1] INFO  ListenerSensores - Altitude: 938
21:20:28.504 [Thread-1] INFO  ListenerSensores - Estabilizado.
21:20:28.604 [Thread-1] INFO  ListenerSensores - Altitude: 938
21:20:28.604 [Thread-1] INFO  ListenerSensores - Estabilizado.
21:20:28.704 [Thread-1] INFO  ListenerSensores - Altitude: 938
21:20:28.704 [Thread-1] INFO  ListenerSensores - Estabilizado.
21:20:28.804 [Thread-1] INFO  ListenerSensores - Altitude: 938
21:20:28.804 [Thread-1] INFO  ListenerSensores - Estabilizado.
21:20:28.904 [Thread-1] INFO  ListenerSensores - Altitude: 937
21:20:28.904 [Thread-1] INFO  ListenerSensores - Estabilizado.
21:20:29.004 [Thread-1] INFO  ListenerSensores - Altitude: 938
21:20:29.004 [Thread-1] INFO  ListenerSensores - Estabilizado.
21:20:29.104 [Thread-1] INFO  ListenerSensores - Altitude: 937
21:20:29.104 [Thread-1] INFO  ListenerSensores - Estabilizado.
21:20:29.205 [Thread-1] INFO  ListenerSensores - Altitude: 938
21:20:29.205 [Thread-1] INFO  ListenerSensores - Estabilizado.
21:20:29.305 [Thread-1] INFO  ListenerSensores - Altitude: 938
21:20:29.305 [Thread-1] INFO  ListenerSensores - Estabilizado.
21:20:29.405 [Thread-1] INFO  ListenerSensores - Altitude: 938
21:20:29.405 [Thread-1] INFO  ListenerSensores - Estabilizado.
21:20:29.505 [Thread-1] INFO  ListenerSensores - Altitude: 938
21:20:29.505 [Thread-1] INFO  ListenerSensores - Estabilizado.
21:20:29.606 [Thread-1] INFO  ListenerSensores - Altitude: 938
21:20:29.606 [Thread-1] INFO  ListenerSensores - Estabilizado.
21:20:29.706 [Thread-1] INFO  ListenerSensores - Altitude: 938
21:20:29.706 [Thread-1] INFO  ListenerSensores - Estabilizado.
21:20:29.806 [Thread-1] INFO  ListenerSensores - Altitude: 938
21:20:29.806 [Thread-1] INFO  ListenerSensores - Estabilizado.
21:20:29.906 [Thread-1] INFO  ListenerSensores - Altitude: 939
21:20:29.906 [Thread-1] INFO  ListenerSensores - Estabilizado.
21:20:30.006 [Thread-1] INFO  ListenerSensores - Altitude: 939
21:20:30.006 [Thread-1] INFO  ListenerSensores - Estabilizado.
21:20:30.106 [Thread-1] INFO  ListenerSensores - Altitude: 938
21:20:30.106 [Thread-1] INFO  ListenerSensores - Estabilizado.
21:20:30.206 [Thread-1] INFO  ListenerSensores - Altitude: 938
21:20:30.206 [Thread-1] INFO  ListenerSensores - Estabilizado.
21:20:30.310 [Thread-1] INFO  ListenerSensores - Altitude: 937
21:20:30.312 [Thread-1] INFO  ListenerSensores - Estabilizado.
21:20:30.412 [Thread-1] INFO  ListenerSensores - Altitude: 938
21:20:30.412 [Thread-1] INFO  ListenerSensores - Estabilizado.
21:20:30.512 [Thread-1] INFO  ListenerSensores - Altitude: 938
21:20:30.512 [Thread-1] INFO  ListenerSensores - Estabilizado.
21:20:30.612 [Thread-1] INFO  ListenerSensores - Altitude: 938
21:20:30.612 [Thread-1] INFO  ListenerSensores - Estabilizado.
21:20:30.712 [Thread-1] INFO  ListenerSensores - Altitude: 937
21:20:30.712 [Thread-1] INFO  ListenerSensores - Estabilizado.
21:20:30.813 [Thread-1] INFO  ListenerSensores - Altitude: 938
21:20:30.814 [Thread-1] INFO  ListenerSensores - Estabilizado.
21:20:30.914 [Thread-1] INFO  ListenerSensores - Altitude: 938
21:20:30.914 [Thread-1] INFO  ListenerSensores - Estabilizado.
21:20:31.015 [Thread-1] INFO  ListenerSensores - Altitude: 938
21:20:31.015 [Thread-1] INFO  ListenerSensores - Estabilizado.
21:20:31.115 [Thread-1] INFO  ListenerSensores - Altitude: 938
21:20:31.115 [Thread-1] INFO  ListenerSensores - Estabilizado.
21:20:31.216 [Thread-1] INFO  ListenerSensores - Altitude: 938
21:20:31.217 [Thread-1] INFO  ListenerSensores - Estabilizado.
21:20:31.317 [Thread-1] INFO  ListenerSensores - Altitude: 938
21:20:31.317 [Thread-1] INFO  ListenerSensores - Estabilizado.
21:20:31.417 [Thread-1] INFO  ListenerSensores - Altitude: 938
21:20:31.417 [Thread-1] INFO  ListenerSensores - Estabilizado.
21:20:31.517 [Thread-1] INFO  ListenerSensores - Altitude: 938
21:20:31.517 [Thread-1] INFO  ListenerSensores - Estabilizado.
21:20:31.617 [Thread-1] INFO  ListenerSensores - Altitude: 938
21:20:31.617 [Thread-1] INFO  ListenerSensores - Estabilizado.
21:20:31.717 [Thread-1] INFO  ListenerSensores - Altitude: 938
21:20:31.721 [Thread-1] INFO  ListenerSensores - Estabilizado.
21:20:31.822 [Thread-1] INFO  ListenerSensores - Altitude: 938
21:20:31.822 [Thread-1] INFO  ListenerSensores - Estabilizado.
21:20:31.922 [Thread-1] INFO  ListenerSensores - Altitude: 938
21:20:31.922 [Thread-1] INFO  ListenerSensores - Estabilizado.
21:20:32.022 [Thread-1] INFO  ListenerSensores - Altitude: 938
21:20:32.022 [Thread-1] INFO  ListenerSensores - Estabilizado.
21:20:32.122 [Thread-1] INFO  ListenerSensores - Altitude: 938
21:20:32.122 [Thread-1] INFO  ListenerSensores - Estabilizado.
21:20:32.222 [Thread-1] INFO  ListenerSensores - Altitude: 938
21:20:32.222 [Thread-1] INFO  ListenerSensores - Estabilizado.
21:20:32.325 [Thread-1] INFO  ListenerSensores - Altitude: 938
21:20:32.326 [Thread-1] INFO  ListenerSensores - Estabilizado.
21:20:32.426 [Thread-1] INFO  ListenerSensores - Altitude: 938
21:20:32.427 [Thread-1] INFO  ListenerSensores - Estabilizado.
21:20:32.528 [Thread-1] INFO  ListenerSensores - Altitude: 938
21:20:32.528 [Thread-1] INFO  ListenerSensores - Estabilizado.
21:20:32.630 [Thread-1] INFO  ListenerSensores - Altitude: 937
21:20:32.630 [Thread-1] INFO  ListenerSensores - Estabilizado.
21:20:32.730 [Thread-1] INFO  ListenerSensores - Altitude: 937
21:20:32.730 [Thread-1] INFO  ListenerSensores - Estabilizado.
21:20:32.830 [Thread-1] INFO  ListenerSensores - Altitude: 939
21:20:32.830 [Thread-1] INFO  ListenerSensores - Estabilizado.
21:20:32.930 [Thread-1] INFO  ListenerSensores - Altitude: 938
21:20:32.930 [Thread-1] INFO  ListenerSensores - Estabilizado.
21:20:33.030 [Thread-1] INFO  ListenerSensores - Altitude: 938
21:20:33.030 [Thread-1] INFO  ListenerSensores - Estabilizado.
21:20:33.130 [Thread-1] INFO  ListenerSensores - Altitude: 938
21:20:33.130 [Thread-1] INFO  ListenerSensores - Estabilizado.
21:20:33.230 [Thread-1] INFO  ListenerSensores - Altitude: 938
21:20:33.230 [Thread-1] INFO  ListenerSensores - Estabilizado.
21:21:00.483 [Thread-1] INFO  ListenerSensores - Altitude: 100
21:21:00.485 [Thread-1] INFO  ListenerSensores - Estabilizado.
21:21:00.586 [Thread-1] INFO  ListenerSensores - Altitude: 99
21:21:00.586 [Thread-1] INFO  ListenerSensores - Estabilizado.
21:21:00.689 [Thread-1] INFO  ListenerSensores - Altitude: 98
21:21:00.690 [Thread-1] INFO  ListenerSensores - Estabilizado.
21:21:00.791 [Thread-1] INFO  ListenerSensores - Altitude: 97
21:21:00.791 [Thread-1] INFO  ListenerSensores - Estabilizado.
21:21:00.891 [Thread-1] INFO  ListenerSensores - Altitude: 96
21:21:00.891 [Thread-1] INFO  ListenerSensores - Estabilizado.
21:21:00.998 [Thread-1] INFO  ListenerSensores - Altitude: 95
21:21:00.998 [Thread-1] INFO  ListenerSensores - Estabilizado.
21:21:01.101 [Thread-1] INFO  ListenerSensores - Altitude: 94
21:21:01.101 [Thread-1] INFO  ListenerSensores - Estabilizado.
21:21:01.205 [Thread-1] INFO  ListenerSensores - Altitude: 93
21:21:01.206 [Thread-1] INFO  ListenerSensores - Estabilizado.
21:21:01.306 [Thread-1] INFO  ListenerSensores - Altitude: 92
21:21:01.313 [Thread-1] INFO  ListenerSensores - Estabilizado.
21:21:01.413 [Thread-1] INFO  ListenerSensores - Altitude: 91
21:21:01.413 [Thread-1] INFO  ListenerSensores - Estabilizado.
21:21:01.513 [Thread-1] INFO  ListenerSensores - Altitude: 90
21:21:01.513 [Thread-1] INFO  ListenerSensores - Estabilizado.
21:21:01.614 [Thread-1] INFO  ListenerSensores - Altitude: 89
21:21:01.614 [Thread-1] WARN  ListenerSensores - Caindo!
21:21:01.715 [Thread-1] INFO  ListenerSensores - Altitude: 88
21:21:01.715 [Thread-1] WARN  ListenerSensores - Caindo!
21:21:01.815 [Thread-1] INFO  ListenerSensores - Altitude: 87
21:21:01.815 [Thread-1] WARN  ListenerSensores - Caindo!
21:21:01.915 [Thread-1] INFO  ListenerSensores - Altitude: 86
21:21:01.915 [Thread-1] WARN  ListenerSensores - Caindo!
21:21:02.015 [Thread-1] INFO  ListenerSensores - Altitude: 85
21:21:02.015 [Thread-1] WARN  ListenerSensores - Caindo!
21:21:02.115 [Thread-1] INFO  ListenerSensores - Altitude: 84
21:21:02.115 [Thread-1] WARN  ListenerSensores - Caindo!
21:21:02.215 [Thread-1] INFO  ListenerSensores - Altitude: 83
21:21:02.215 [Thread-1] WARN  ListenerSensores - Caindo!
21:21:02.315 [Thread-1] INFO  ListenerSensores - Altitude: 82
21:21:02.315 [Thread-1] WARN  ListenerSensores - Caindo!
21:21:02.416 [Thread-1] INFO  ListenerSensores - Altitude: 81
21:21:02.416 [Thread-1] WARN  ListenerSensores - Caindo!
21:21:02.516 [Thread-1] INFO  ListenerSensores - Altitude: 80
21:21:02.516 [Thread-1] WARN  ListenerSensores - Caindo!
21:21:02.616 [Thread-1] INFO  ListenerSensores - Altitude: 79
21:21:02.616 [Thread-1] WARN  ListenerSensores - Caindo!
21:21:02.717 [Thread-1] INFO  ListenerSensores - Altitude: 78
21:21:02.717 [Thread-1] WARN  ListenerSensores - Caindo!
21:21:02.818 [Thread-1] INFO  ListenerSensores - Altitude: 77
21:21:02.818 [Thread-1] WARN  ListenerSensores - Caindo!
21:21:02.918 [Thread-1] INFO  ListenerSensores - Altitude: 76
21:21:02.918 [Thread-1] WARN  ListenerSensores - Caindo!
21:21:03.020 [Thread-1] INFO  ListenerSensores - Altitude: 75
21:21:03.020 [Thread-1] WARN  ListenerSensores - Caindo!
21:21:03.120 [Thread-1] INFO  ListenerSensores - Altitude: 74
21:21:03.120 [Thread-1] WARN  ListenerSensores - Caindo!
21:21:03.221 [Thread-1] INFO  ListenerSensores - Altitude: 73
21:21:03.221 [Thread-1] WARN  ListenerSensores - Caindo!
21:21:03.321 [Thread-1] INFO  ListenerSensores - Altitude: 72
21:21:03.321 [Thread-1] WARN  ListenerSensores - Caindo!
21:21:03.422 [Thread-1] INFO  ListenerSensores - Altitude: 71
21:21:03.422 [Thread-1] WARN  ListenerSensores - Caindo!
21:21:03.527 [Thread-1] INFO  ListenerSensores - Altitude: 70
21:21:03.527 [Thread-1] INFO  ListenerSensores - Estabilizado.
21:21:03.527 [Thread-1] INFO  ListenerSensores - QUEDA DETECTADA. ALTITUDE INICIAL: 90. ALTITUDE FINAL: 71.
21:21:03.631 [Thread-1] INFO  ListenerSensores - Altitude: 69
21:21:03.632 [Thread-1] INFO  ListenerSensores - Estabilizado.
21:21:03.732 [Thread-1] INFO  ListenerSensores - Altitude: 68
21:21:03.732 [Thread-1] INFO  ListenerSensores - Estabilizado.
21:21:03.832 [Thread-1] INFO  ListenerSensores - Altitude: 67
21:21:03.832 [Thread-1] INFO  ListenerSensores - Estabilizado.
21:21:03.932 [Thread-1] INFO  ListenerSensores - Altitude: 66
21:21:03.932 [Thread-1] INFO  ListenerSensores - Estabilizado.
21:21:04.032 [Thread-1] INFO  ListenerSensores - Altitude: 65
21:21:04.032 [Thread-1] INFO  ListenerSensores - Estabilizado.
21:21:04.132 [Thread-1] INFO  ListenerSensores - Altitude: 64
21:21:04.132 [Thread-1] INFO  ListenerSensores - Estabilizado.
21:21:04.233 [Thread-1] INFO  ListenerSensores - Altitude: 63
21:21:04.234 [Thread-1] INFO  ListenerSensores - Estabilizado.
21:21:04.334 [Thread-1] INFO  ListenerSensores - Altitude: 62
21:21:04.334 [Thread-1] INFO  ListenerSensores - Estabilizado.
21:21:04.434 [Thread-1] INFO  ListenerSensores - Altitude: 61
21:21:04.434 [Thread-1] INFO  ListenerSensores - Estabilizado.
21:21:04.534 [Thread-1] INFO  ListenerSensores - Altitude: 60
21:21:04.534 [Thread-1] INFO  ListenerSensores - Estabilizado.
21:21:04.634 [Thread-1] INFO  ListenerSensores - Altitude: 59
21:21:04.634 [Thread-1] INFO  ListenerSensores - Estabilizado.
21:21:04.734 [Thread-1] INFO  ListenerSensores - Altitude: 58
21:21:04.734 [Thread-1] INFO  ListenerSensores - Estabilizado.
21:21:04.834 [Thread-1] INFO  ListenerSensores - Altitude: 57
21:21:04.834 [Thread-1] INFO  ListenerSensores - Estabilizado.
21:21:04.935 [Thread-1] INFO  ListenerSensores - Altitude: 56
21:21:04.935 [Thread-1] INFO  ListenerSensores - Estabilizado.
21:21:05.036 [Thread-1] INFO  ListenerSensores - Altitude: 55
21:21:05.036 [Thread-1] INFO  ListenerSensores - Estabilizado.
21:21:05.147 [Thread-1] INFO  ListenerSensores - Altitude: 54
21:21:05.148 [Thread-1] INFO  ListenerSensores - Estabilizado.
21:21:05.248 [Thread-1] INFO  ListenerSensores - Altitude: 53
21:21:05.248 [Thread-1] INFO  ListenerSensores - Estabilizado.
21:21:05.349 [Thread-1] INFO  ListenerSensores - Altitude: 52
21:21:05.349 [Thread-1] INFO  ListenerSensores - Estabilizado.
21:21:05.449 [Thread-1] INFO  ListenerSensores - Altitude: 51
21:21:05.449 [Thread-1] INFO  ListenerSensores - Estabilizado.
21:21:05.550 [Thread-1] INFO  ListenerSensores - Altitude: 50
21:21:05.550 [Thread-1] INFO  ListenerSensores - Estabilizado.
21:21:05.650 [Thread-1] INFO  ListenerSensores - Altitude: 49
21:21:05.650 [Thread-1] INFO  ListenerSensores - Estabilizado.
21:21:05.750 [Thread-1] INFO  ListenerSensores - Altitude: 48
21:21:05.750 [Thread-1] INFO  ListenerSensores - Estabilizado.
21:21:05.850 [Thread-1] INFO  ListenerSensores - Altitude: 47
21:21:05.850 [Thread-1] INFO  ListenerSensores - Estabilizado.
21:21:05.950 [Thread-1] INFO  ListenerSensores - Altitude: 46
21:21:05.950 [Thread-1] INFO  ListenerSensores - Estabilizado.
21:21:06.052 [Thread-1] INFO  ListenerSensores - Altitude: 45
21:21:06.052 [Thread-1] INFO  ListenerSensores - Estabilizado.
21:21:06.152 [Thread-1] INFO  ListenerSensores - Altitude: 44
21:21:06.152 [Thread-1] INFO  ListenerSensores - Estabilizado.
21:21:06.252 [Thread-1] INFO  ListenerSensores - Altitude: 43
21:21:06.252 [Thread-1] INFO  ListenerSensores - Estabilizado.
21:21:06.352 [Thread-1] INFO  ListenerSensores - Altitude: 42
21:21:06.352 [Thread-1] INFO  ListenerSensores - Estabilizado.
21:21:06.453 [Thread-1] INFO  ListenerSensores - Altitude: 41
21:21:06.453 [Thread-1] INFO  ListenerSensores - Estabilizado.
21:21:06.553 [Thread-1] INFO  ListenerSensores - Altitude: 40
21:21:06.553 [Thread-1] INFO  ListenerSensores - Estabilizado.
21:21:06.653 [Thread-1] INFO  ListenerSensores - Altitude: 39
21:21:06.653 [Thread-1] WARN  ListenerSensores - Caindo!
21:21:06.753 [Thread-1] INFO  ListenerSensores - Altitude: 38
21:21:06.753 [Thread-1] WARN  ListenerSensores - Caindo!
21:21:06.853 [Thread-1] INFO  ListenerSensores - Altitude: 37
21:21:06.853 [Thread-1] WARN  ListenerSensores - Caindo!
21:21:06.953 [Thread-1] INFO  ListenerSensores - Altitude: 36
21:21:06.953 [Thread-1] WARN  ListenerSensores - Caindo!
21:21:07.054 [Thread-1] INFO  ListenerSensores - Altitude: 35
21:21:07.054 [Thread-1] WARN  ListenerSensores - Caindo!
21:21:07.156 [Thread-1] INFO  ListenerSensores - Altitude: 34
21:21:07.156 [Thread-1] WARN  ListenerSensores - Caindo!
21:21:07.256 [Thread-1] INFO  ListenerSensores - Altitude: 33
21:21:07.256 [Thread-1] WARN  ListenerSensores - Caindo!
21:21:07.356 [Thread-1] INFO  ListenerSensores - Altitude: 32
21:21:07.356 [Thread-1] WARN  ListenerSensores - Caindo!
21:21:07.456 [Thread-1] INFO  ListenerSensores - Altitude: 31
21:21:07.456 [Thread-1] WARN  ListenerSensores - Caindo!
21:21:07.556 [Thread-1] INFO  ListenerSensores - Altitude: 30
21:21:07.556 [Thread-1] WARN  ListenerSensores - Caindo!
21:21:07.660 [Thread-1] INFO  ListenerSensores - Altitude: 29
21:21:07.661 [Thread-1] WARN  ListenerSensores - Caindo!
21:21:07.761 [Thread-1] INFO  ListenerSensores - Altitude: 28
21:21:07.761 [Thread-1] WARN  ListenerSensores - Caindo!
21:21:07.865 [Thread-1] INFO  ListenerSensores - Altitude: 27
21:21:07.865 [Thread-1] WARN  ListenerSensores - Caindo!
21:21:07.965 [Thread-1] INFO  ListenerSensores - Altitude: 26
21:21:07.965 [Thread-1] WARN  ListenerSensores - Caindo!
21:21:08.065 [Thread-1] INFO  ListenerSensores - Altitude: 25
21:21:08.065 [Thread-1] WARN  ListenerSensores - Caindo!
21:21:08.165 [Thread-1] INFO  ListenerSensores - Altitude: 24
21:21:08.165 [Thread-1] WARN  ListenerSensores - Caindo!
21:21:08.266 [Thread-1] INFO  ListenerSensores - Altitude: 23
21:21:08.266 [Thread-1] WARN  ListenerSensores - Caindo!
21:21:08.366 [Thread-1] INFO  ListenerSensores - Altitude: 22
21:21:08.368 [Thread-1] WARN  ListenerSensores - Caindo!
21:21:08.468 [Thread-1] INFO  ListenerSensores - Altitude: 21
21:21:08.468 [Thread-1] WARN  ListenerSensores - Caindo!
21:21:08.568 [Thread-1] INFO  ListenerSensores - Altitude: 20
21:21:08.568 [Thread-1] WARN  ListenerSensores - Caindo!
21:21:08.669 [Thread-1] INFO  ListenerSensores - Altitude: 19
21:21:08.669 [Thread-1] WARN  ListenerSensores - Caindo!
21:21:08.769 [Thread-1] INFO  ListenerSensores - Altitude: 18
21:21:08.769 [Thread-1] WARN  ListenerSensores - Caindo!
21:21:08.869 [Thread-1] INFO  ListenerSensores - Altitude: 17
21:21:08.869 [Thread-1] WARN  ListenerSensores - Caindo!
21:21:08.969 [Thread-1] INFO  ListenerSensores - Altitude: 16
21:21:08.969 [Thread-1] WARN  ListenerSensores - Caindo!
21:21:09.069 [Thread-1] INFO  ListenerSensores - Altitude: 15
21:21:09.069 [Thread-1] WARN  ListenerSensores - Caindo!
21:21:09.169 [Thread-1] INFO  ListenerSensores - Altitude: 14
21:21:09.169 [Thread-1] WARN  ListenerSensores - Caindo!
21:21:09.269 [Thread-1] INFO  ListenerSensores - Altitude: 13
21:21:09.276 [Thread-1] WARN  ListenerSensores - Caindo!
21:21:09.376 [Thread-1] INFO  ListenerSensores - Altitude: 12
21:21:09.376 [Thread-1] WARN  ListenerSensores - Caindo!
21:21:09.477 [Thread-1] INFO  ListenerSensores - Altitude: 11
21:21:09.477 [Thread-1] WARN  ListenerSensores - Caindo!
21:21:09.582 [Thread-1] INFO  ListenerSensores - Altitude: 10
21:21:09.582 [Thread-1] INFO  ListenerSensores - Estabilizado.
21:21:09.583 [Thread-1] INFO  ListenerSensores - QUEDA DETECTADA. ALTITUDE INICIAL: 40. ALTITUDE FINAL: 11.
21:21:09.683 [Thread-1] INFO  ListenerSensores - Altitude: 9
21:21:09.683 [Thread-1] INFO  ListenerSensores - Estabilizado.
21:21:09.783 [Thread-1] INFO  ListenerSensores - Altitude: 8
21:21:09.783 [Thread-1] INFO  ListenerSensores - Estabilizado.
21:21:09.883 [Thread-1] INFO  ListenerSensores - Altitude: 7
21:21:09.883 [Thread-1] INFO  ListenerSensores - Estabilizado.
21:21:09.983 [Thread-1] INFO  ListenerSensores - Altitude: 6
21:21:09.983 [Thread-1] INFO  ListenerSensores - Estabilizado.
21:21:10.085 [Thread-1] INFO  ListenerSensores - Altitude: 5
21:21:10.085 [Thread-1] INFO  ListenerSensores - Estabilizado.
21:21:10.185 [Thread-1] INFO  ListenerSensores - Altitude: 4
21:21:10.185 [Thread-1] INFO  ListenerSensores - Estabilizado.
21:21:10.285 [Thread-1] INFO  ListenerSensores - Altitude: 3
21:21:10.285 [Thread-1] INFO  ListenerSensores - Estabilizado.
21:21:10.385 [Thread-1] INFO  ListenerSensores - Altitude: 2
21:21:10.385 [Thread-1] INFO  ListenerSensores - Estabilizado.
21:21:10.485 [Thread-1] INFO  ListenerSensores - Altitude: 1
21:21:10.486 [Thread-1] INFO  ListenerSensores - Estabilizado.
21:21:10.586 [Thread-1] INFO  ListenerSensores - Altitude: 0
21:21:10.586 [Thread-1] INFO  ListenerSensores - Estabilizado.
21:21:10.686 [Thread-1] INFO  ListenerSensores - Altitude: 0
21:21:10.686 [Thread-1] INFO  ListenerSensores - Estabilizado.
21:21:10.786 [Thread-1] INFO  ListenerSensores - Altitude: 0
21:21:10.786 [Thread-1] INFO  ListenerSensores - Estabilizado.
21:21:10.887 [Thread-1] INFO  ListenerSensores - Altitude: 0
21:21:10.887 [Thread-1] INFO  ListenerSensores - Estabilizado.
21:21:10.987 [Thread-1] INFO  ListenerSensores - Altitude: 0
21:21:10.987 [Thread-1] INFO  ListenerSensores - Estabilizado.
21:21:11.087 [Thread-1] INFO  ListenerSensores - Altitude: 0
21:21:11.087 [Thread-1] INFO  ListenerSensores - Estabilizado.
21:21:11.187 [Thread-1] INFO  ListenerSensores - Altitude: 0
21:21:11.187 [Thread-1] INFO  ListenerSensores - Estabilizado.
21:21:11.287 [Thread-1] INFO  ListenerSensores - Altitude: 0
21:21:11.287 [Thread-1] INFO  ListenerSensores - Estabilizado.
21:21:11.389 [Thread-1] INFO  ListenerSensores - Altitude: 0
21:21:11.389 [Thread-1] INFO  ListenerSensores - Estabilizado.
21:21:11.489 [Thread-1] INFO  ListenerSensores - Altitude: 0
21:21:11.489 [Thread-1] INFO  ListenerSensores - Estabilizado.
21:21:11.589 [Thread-1] INFO  ListenerSensores - Altitude: 0
21:21:11.589 [Thread-1] INFO  ListenerSensores - Estabilizado.
21:21:11.689 [Thread-1] INFO  ListenerSensores - Altitude: 0
21:21:11.689 [Thread-1] INFO  ListenerSensores - Estabilizado.
21:21:11.789 [Thread-1] INFO  ListenerSensores - Altitude: 0
21:21:11.789 [Thread-1] INFO  ListenerSensores - Estabilizado.
